  GridDraw.cpp
D:\Work\Programming\Repos\C++Drawing\DrawingProject\grid.h(12,50): warning C4244: 'argument': conversion from 'int' to 'T', possible loss of data
          with
          [
              T=float
          ]
D:\Work\Programming\Repos\C++Drawing\DrawingProject\grid.h(13,58): warning C4244: 'argument': conversion from 'int' to 'T', possible loss of data
          with
          [
              T=float
          ]
D:\Work\Programming\Repos\C++Drawing\DrawingProject\grid.h(13,50): warning C4244: 'argument': conversion from 'int' to 'T', possible loss of data
          with
          [
              T=float
          ]
D:\Work\Programming\Repos\C++Drawing\DrawingProject\grid.h(14,63): warning C4244: 'argument': conversion from 'int' to 'T', possible loss of data
          with
          [
              T=float
          ]
D:\Work\Programming\Repos\C++Drawing\DrawingProject\grid.h(15,67): warning C4244: 'argument': conversion from 'int' to 'T', possible loss of data
          with
          [
              T=float
          ]
D:\Work\Programming\Repos\C++Drawing\DrawingProject\grid.h(15,60): warning C4244: 'argument': conversion from 'int' to 'T', possible loss of data
          with
          [
              T=float
          ]
D:\Work\Programming\Repos\C++Drawing\DrawingProject\grid.h(29,17): warning C4244: 'initializing': conversion from 'int' to 'float', possible loss of data
D:\Work\Programming\Repos\C++Drawing\DrawingProject\grid.h(30,17): warning C4244: 'initializing': conversion from 'int' to 'float', possible loss of data
D:\Work\Programming\Repos\C++Drawing\DrawingProject\GridDraw.cpp(90,60): warning C4244: 'argument': conversion from 'int' to 'T', possible loss of data
          with
          [
              T=float
          ]
D:\Work\Programming\Repos\C++Drawing\DrawingProject\GridDraw.cpp(90,41): warning C4244: 'argument': conversion from 'int' to 'T', possible loss of data
          with
          [
              T=float
          ]
D:\Work\Programming\Repos\C++Drawing\DrawingProject\GridDraw.cpp(93,60): warning C4244: 'argument': conversion from '_Ty' to 'sf::Uint8', possible loss of data
          with
          [
              _Ty=double
          ]
D:\Work\Programming\Repos\C++Drawing\DrawingProject\GridDraw.cpp(95,50): warning C4244: 'argument': conversion from 'int' to 'float', possible loss of data
D:\Work\Programming\Repos\C++Drawing\DrawingProject\GridDraw.cpp(95,35): warning C4244: 'argument': conversion from 'int' to 'float', possible loss of data
  DrawingProject.vcxproj -> D:\Work\Programming\Repos\C++Drawing\DrawingProject\x64\Debug\DrawingProject.exe
